# JRE version: OpenJDK Runtime Environment Temurin-21.0.10+7 (21.0.10+7) (build 21.0.10+7-LTS)
# Java VM: OpenJDK 64-Bit Server VM Temurin-21.0.10+7 (21.0.10+7-LTS, mixed mode, sharing, tiered, compressed oops, compressed class ptrs, parallel gc, windows-amd64)
GC Precious Log:
 CardTable entry size: 512
 CPUs: 4 total, 4 available
 Memory: 8098M
 Large Page Support: Disabled
 NUMA Support: Disabled
 Compressed Oops: Enabled (32-bit)
 Alignments: Space 512K, Generation 512K, Heap 2M
 Heap Min Capacity: 100M
 Heap Initial Capacity: 100M
 Heap Max Capacity: 2G
 Pre-touch: Disabled
 Parallel Workers: 4
Heap:
 PSYoungGen      total 5632K, used 1624K [0x00000000d5580000, 0x00000000d5c00000, 0x0000000100000000)
  eden space 4608K, 24% used [0x00000000d5580000,0x00000000d5696058,0x00000000d5a00000)
  from space 1024K, 50% used [0x00000000d5a00000,0x00000000d5a80000,0x00000000d5b00000)
  to   space 1024K, 0% used [0x00000000d5b00000,0x00000000d5b00000,0x00000000d5c00000)
 ParOldGen       total 1304576K, used 1304357K [0x0000000080000000, 0x00000000cfa00000, 0x00000000d5580000)
  object space 1304576K, 99% used [0x0000000080000000,0x00000000cf9c9590,0x00000000cfa00000)
 Metaspace       used 85545K, committed 87360K, reserved 1179648K
  class space    used 8537K, committed 9344K, reserved 1048576K
GC Heap History (20 events):
Event: 2671.092 GC heap before
{Heap before GC invocations=4121 (full 5):
 PSYoungGen      total 3072K, used 2672K [0x00000000d5580000, 0x00000000d5a00000, 0x0000000100000000)
  eden space 2048K, 100% used [0x00000000d5580000,0x00000000d5780000,0x00000000d5780000)
  from space 1024K, 60% used [0x00000000d5780000,0x00000000d581c010,0x00000000d5880000)
  to   space 1024K, 0% used [0x00000000d5900000,0x00000000d5900000,0x00000000d5a00000)
 ParOldGen       total 1297920K, used 1297591K [0x0000000080000000, 0x00000000cf380000, 0x00000000d5580000)
  object space 1297920K, 99% used [0x0000000080000000,0x00000000cf32de50,0x00000000cf380000)
 Metaspace       used 85533K, committed 87360K, reserved 1179648K
  class space    used 8537K, committed 9344K, reserved 1048576K
}
Event: 2671.095 GC heap after
{Heap after GC invocations=4121 (full 5):
 PSYoungGen      total 3584K, used 864K [0x00000000d5580000, 0x00000000d5a00000, 0x0000000100000000)
  eden space 2560K, 0% used [0x00000000d5580000,0x00000000d5580000,0x00000000d5800000)
  from space 1024K, 84% used [0x00000000d5900000,0x00000000d59d8000,0x00000000d5a00000)
  to   space 1024K, 0% used [0x00000000d5800000,0x00000000d5800000,0x00000000d5900000)
 ParOldGen       total 1298432K, used 1298055K [0x0000000080000000, 0x00000000cf400000, 0x00000000d5580000)
  object space 1298432K, 99% used [0x0000000080000000,0x00000000cf3a1f00,0x00000000cf400000)
 Metaspace       used 85533K, committed 87360K, reserved 1179648K
  class space    used 8537K, committed 9344K, reserved 1048576K
}
Event: 2671.228 GC heap before
{Heap before GC invocations=4122 (full 5):
 PSYoungGen      total 3584K, used 3424K [0x00000000d5580000, 0x00000000d5a00000, 0x0000000100000000)
  eden space 2560K, 100% used [0x00000000d5580000,0x00000000d5800000,0x00000000d5800000)
  from space 1024K, 84% used [0x00000000d5900000,0x00000000d59d8000,0x00000000d5a00000)
  to   space 1024K, 0% used [0x00000000d5800000,0x00000000d5800000,0x00000000d5900000)
 ParOldGen       total 1298432K, used 1298055K [0x0000000080000000, 0x00000000cf400000, 0x00000000d5580000)
  object space 1298432K, 99% used [0x0000000080000000,0x00000000cf3a1f00,0x00000000cf400000)
 Metaspace       used 85533K, committed 87360K, reserved 1179648K
  class space    used 8537K, committed 9344K, reserved 1048576K
}
Event: 2671.231 GC heap after
{Heap after GC invocations=4122 (full 5):
 PSYoungGen      total 3584K, used 576K [0x00000000d5580000, 0x00000000d5a80000, 0x0000000100000000)
  eden space 2560K, 0% used [0x00000000d5580000,0x00000000d5580000,0x00000000d5800000)
  from space 1024K, 56% used [0x00000000d5800000,0x00000000d5890000,0x00000000d5900000)
  to   space 1024K, 0% used [0x00000000d5980000,0x00000000d5980000,0x00000000d5a80000)
 ParOldGen       total 1298944K, used 1298771K [0x0000000080000000, 0x00000000cf480000, 0x00000000d5580000)
  object space 1298944K, 99% used [0x0000000080000000,0x00000000cf454c18,0x00000000cf480000)
 Metaspace       used 85533K, committed 87360K, reserved 1179648K
  class space    used 8537K, committed 9344K, reserved 1048576K
}
Event: 2671.632 GC heap before
{Heap before GC invocations=4123 (full 5):
 PSYoungGen      total 3584K, used 3136K [0x00000000d5580000, 0x00000000d5a80000, 0x0000000100000000)
  eden space 2560K, 100% used [0x00000000d5580000,0x00000000d5800000,0x00000000d5800000)
  from space 1024K, 56% used [0x00000000d5800000,0x00000000d5890000,0x00000000d5900000)
  to   space 1024K, 0% used [0x00000000d5980000,0x00000000d5980000,0x00000000d5a80000)
 ParOldGen       total 1298944K, used 1298771K [0x0000000080000000, 0x00000000cf480000, 0x00000000d5580000)
  object space 1298944K, 99% used [0x0000000080000000,0x00000000cf454c18,0x00000000cf480000)
 Metaspace       used 85533K, committed 87360K, reserved 1179648K
  class space    used 8537K, committed 9344K, reserved 1048576K
}
Event: 2671.634 GC heap after
{Heap after GC invocations=4123 (full 5):
 PSYoungGen      total 3072K, used 224K [0x00000000d5580000, 0x00000000d5a00000, 0x0000000100000000)
  eden space 2560K, 0% used [0x00000000d5580000,0x00000000d5580000,0x00000000d5800000)
  from space 512K, 43% used [0x00000000d5980000,0x00000000d59b8000,0x00000000d5a00000)
  to   space 512K, 0% used [0x00000000d5900000,0x00000000d5900000,0x00000000d5980000)
 ParOldGen       total 1298944K, used 1298795K [0x0000000080000000, 0x00000000cf480000, 0x00000000d5580000)
  object space 1298944K, 99% used [0x0000000080000000,0x00000000cf45ac18,0x00000000cf480000)
 Metaspace       used 85533K, committed 87360K, reserved 1179648K
  class space    used 8537K, committed 9344K, reserved 1048576K
}
Event: 2671.638 GC heap before
{Heap before GC invocations=4124 (full 5):
 PSYoungGen      total 3072K, used 2784K [0x00000000d5580000, 0x00000000d5a00000, 0x0000000100000000)
  eden space 2560K, 100% used [0x00000000d5580000,0x00000000d5800000,0x00000000d5800000)
  from space 512K, 43% used [0x00000000d5980000,0x00000000d59b8000,0x00000000d5a00000)
  to   space 512K, 0% used [0x00000000d5900000,0x00000000d5900000,0x00000000d5980000)
 ParOldGen       total 1298944K, used 1298795K [0x0000000080000000, 0x00000000cf480000, 0x00000000d5580000)
  object space 1298944K, 99% used [0x0000000080000000,0x00000000cf45ac18,0x00000000cf480000)
 Metaspace       used 85536K, committed 87360K, reserved 1179648K
  class space    used 8537K, committed 9344K, reserved 1048576K
}
Event: 2671.642 GC heap after
{Heap after GC invocations=4124 (full 5):
 PSYoungGen      total 3584K, used 486K [0x00000000d5580000, 0x00000000d5e80000, 0x0000000100000000)
  eden space 3072K, 0% used [0x00000000d5580000,0x00000000d5580000,0x00000000d5880000)
  from space 512K, 95% used [0x00000000d5900000,0x00000000d5979bf0,0x00000000d5980000)
  to   space 3072K, 0% used [0x00000000d5b80000,0x00000000d5b80000,0x00000000d5e80000)
 ParOldGen       total 1300992K, used 1300559K [0x0000000080000000, 0x00000000cf680000, 0x00000000d5580000)
  object space 1300992K, 99% used [0x0000000080000000,0x00000000cf613f58,0x00000000cf680000)
 Metaspace       used 85536K, committed 87360K, reserved 1179648K
  class space    used 8537K, committed 9344K, reserved 1048576K
}
Event: 2671.648 GC heap before
{Heap before GC invocations=4125 (full 5):
 PSYoungGen      total 3584K, used 3558K [0x00000000d5580000, 0x00000000d5e80000, 0x0000000100000000)
  eden space 3072K, 100% used [0x00000000d5580000,0x00000000d5880000,0x00000000d5880000)
  from space 512K, 95% used [0x00000000d5900000,0x00000000d5979bf0,0x00000000d5980000)
  to   space 3072K, 0% used [0x00000000d5b80000,0x00000000d5b80000,0x00000000d5e80000)
 ParOldGen       total 1300992K, used 1300559K [0x0000000080000000, 0x00000000cf680000, 0x00000000d5580000)
  object space 1300992K, 99% used [0x0000000080000000,0x00000000cf613f58,0x00000000cf680000)
 Metaspace       used 85536K, committed 87360K, reserved 1179648K
  class space    used 8537K, committed 9344K, reserved 1048576K
}
Event: 2671.651 GC heap after
{Heap after GC invocations=4125 (full 5):
 PSYoungGen      total 6656K, used 2016K [0x00000000d5580000, 0x00000000d5e80000, 0x0000000100000000)
  eden space 3584K, 0% used [0x00000000d5580000,0x00000000d5580000,0x00000000d5900000)
  from space 3072K, 65% used [0x00000000d5b80000,0x00000000d5d78000,0x00000000d5e80000)
  to   space 2560K, 0% used [0x00000000d5900000,0x00000000d5900000,0x00000000d5b80000)
 ParOldGen       total 1301504K, used 1300998K [0x0000000080000000, 0x00000000cf700000, 0x00000000d5580000)
  object space 1301504K, 99% used [0x0000000080000000,0x00000000cf681b48,0x00000000cf700000)
 Metaspace       used 85536K, committed 87360K, reserved 1179648K
  class space    used 8537K, committed 9344K, reserved 1048576K
}
Event: 2671.659 GC heap before
{Heap before GC invocations=4126 (full 5):
 PSYoungGen      total 6656K, used 5600K [0x00000000d5580000, 0x00000000d5e80000, 0x0000000100000000)
  eden space 3584K, 100% used [0x00000000d5580000,0x00000000d5900000,0x00000000d5900000)
  from space 3072K, 65% used [0x00000000d5b80000,0x00000000d5d78000,0x00000000d5e80000)
  to   space 2560K, 0% used [0x00000000d5900000,0x00000000d5900000,0x00000000d5b80000)
 ParOldGen       total 1301504K, used 1300998K [0x0000000080000000, 0x00000000cf700000, 0x00000000d5580000)
  object space 1301504K, 99% used [0x0000000080000000,0x00000000cf681b48,0x00000000cf700000)
 Metaspace       used 85537K, committed 87360K, reserved 1179648K
  class space    used 8537K, committed 9344K, reserved 1048576K
}
Event: 2671.662 GC heap after
{Heap after GC invocations=4126 (full 5):
 PSYoungGen      total 6144K, used 1184K [0x00000000d5580000, 0x00000000d5d00000, 0x0000000100000000)
  eden space 3584K, 0% used [0x00000000d5580000,0x00000000d5580000,0x00000000d5900000)
  from space 2560K, 46% used [0x00000000d5900000,0x00000000d5a28000,0x00000000d5b80000)
  to   space 1536K, 0% used [0x00000000d5b80000,0x00000000d5b80000,0x00000000d5d00000)
 ParOldGen       total 1303040K, used 1302980K [0x0000000080000000, 0x00000000cf880000, 0x00000000d5580000)
  object space 1303040K, 99% used [0x0000000080000000,0x00000000cf871138,0x00000000cf880000)
 Metaspace       used 85537K, committed 87360K, reserved 1179648K
  class space    used 8537K, committed 9344K, reserved 1048576K
}
Event: 2671.862 GC heap before
{Heap before GC invocations=4127 (full 5):
 PSYoungGen      total 6144K, used 4768K [0x00000000d5580000, 0x00000000d5d00000, 0x0000000100000000)
  eden space 3584K, 100% used [0x00000000d5580000,0x00000000d5900000,0x00000000d5900000)
  from space 2560K, 46% used [0x00000000d5900000,0x00000000d5a28000,0x00000000d5b80000)
  to   space 1536K, 0% used [0x00000000d5b80000,0x00000000d5b80000,0x00000000d5d00000)
 ParOldGen       total 1303040K, used 1302980K [0x0000000080000000, 0x00000000cf880000, 0x00000000d5580000)
  object space 1303040K, 99% used [0x0000000080000000,0x00000000cf871138,0x00000000cf880000)
 Metaspace       used 85537K, committed 87360K, reserved 1179648K
  class space    used 8537K, committed 9344K, reserved 1048576K
}
Event: 2671.867 GC heap after
{Heap after GC invocations=4127 (full 5):
 PSYoungGen      total 5632K, used 624K [0x00000000d5580000, 0x00000000d5c80000, 0x0000000100000000)
  eden space 4608K, 0% used [0x00000000d5580000,0x00000000d5580000,0x00000000d5a00000)
  from space 1024K, 60% used [0x00000000d5b80000,0x00000000d5c1c010,0x00000000d5c80000)
  to   space 1024K, 0% used [0x00000000d5a80000,0x00000000d5a80000,0x00000000d5b80000)
 ParOldGen       total 1303552K, used 1303444K [0x0000000080000000, 0x00000000cf900000, 0x00000000d5580000)
  object space 1303552K, 99% used [0x0000000080000000,0x00000000cf8e5348,0x00000000cf900000)
 Metaspace       used 85537K, committed 87360K, reserved 1179648K
  class space    used 8537K, committed 9344K, reserved 1048576K
}
Event: 2672.092 GC heap before
{Heap before GC invocations=4128 (full 5):
 PSYoungGen      total 5632K, used 5232K [0x00000000d5580000, 0x00000000d5c80000, 0x0000000100000000)
  eden space 4608K, 100% used [0x00000000d5580000,0x00000000d5a00000,0x00000000d5a00000)
  from space 1024K, 60% used [0x00000000d5b80000,0x00000000d5c1c010,0x00000000d5c80000)
  to   space 1024K, 0% used [0x00000000d5a80000,0x00000000d5a80000,0x00000000d5b80000)
 ParOldGen       total 1303552K, used 1303444K [0x0000000080000000, 0x00000000cf900000, 0x00000000d5580000)
  object space 1303552K, 99% used [0x0000000080000000,0x00000000cf8e5348,0x00000000cf900000)
 Metaspace       used 85537K, committed 87360K, reserved 1179648K
  class space    used 8537K, committed 9344K, reserved 1048576K
}
Event: 2672.094 GC heap after
{Heap after GC invocations=4128 (full 5):
 PSYoungGen      total 5632K, used 928K [0x00000000d5580000, 0x00000000d5c00000, 0x0000000100000000)
  eden space 4608K, 0% used [0x00000000d5580000,0x00000000d5580000,0x00000000d5a00000)
  from space 1024K, 90% used [0x00000000d5a80000,0x00000000d5b68000,0x00000000d5b80000)
  to   space 512K, 0% used [0x00000000d5b80000,0x00000000d5b80000,0x00000000d5c00000)
 ParOldGen       total 1303552K, used 1303452K [0x0000000080000000, 0x00000000cf900000, 0x00000000d5580000)
  object space 1303552K, 99% used [0x0000000080000000,0x00000000cf8e7348,0x00000000cf900000)
 Metaspace       used 85537K, committed 87360K, reserved 1179648K
  class space    used 8537K, committed 9344K, reserved 1048576K
}
Event: 2672.302 GC heap before
{Heap before GC invocations=4129 (full 5):
 PSYoungGen      total 5632K, used 5536K [0x00000000d5580000, 0x00000000d5c00000, 0x0000000100000000)
  eden space 4608K, 100% used [0x00000000d5580000,0x00000000d5a00000,0x00000000d5a00000)
  from space 1024K, 90% used [0x00000000d5a80000,0x00000000d5b68000,0x00000000d5b80000)
  to   space 512K, 0% used [0x00000000d5b80000,0x00000000d5b80000,0x00000000d5c00000)
 ParOldGen       total 1303552K, used 1303452K [0x0000000080000000, 0x00000000cf900000, 0x00000000d5580000)
  object space 1303552K, 99% used [0x0000000080000000,0x00000000cf8e7348,0x00000000cf900000)
 Metaspace       used 85537K, committed 87360K, reserved 1179648K
  class space    used 8537K, committed 9344K, reserved 1048576K
}
Event: 2672.305 GC heap after
{Heap after GC invocations=4129 (full 5):
 PSYoungGen      total 5120K, used 448K [0x00000000d5580000, 0x00000000d5c00000, 0x0000000100000000)
  eden space 4608K, 0% used [0x00000000d5580000,0x00000000d5580000,0x00000000d5a00000)
  from space 512K, 87% used [0x00000000d5b80000,0x00000000d5bf0000,0x00000000d5c00000)
  to   space 1024K, 0% used [0x00000000d5a00000,0x00000000d5a00000,0x00000000d5b00000)
 ParOldGen       total 1304576K, used 1304333K [0x0000000080000000, 0x00000000cfa00000, 0x00000000d5580000)
  object space 1304576K, 99% used [0x0000000080000000,0x00000000cf9c3428,0x00000000cfa00000)
 Metaspace       used 85537K, committed 87360K, reserved 1179648K
  class space    used 8537K, committed 9344K, reserved 1048576K
}
Event: 2672.469 GC heap before
{Heap before GC invocations=4130 (full 5):
 PSYoungGen      total 5120K, used 5055K [0x00000000d5580000, 0x00000000d5c00000, 0x0000000100000000)
  eden space 4608K, 99% used [0x00000000d5580000,0x00000000d59fffe0,0x00000000d5a00000)
  from space 512K, 87% used [0x00000000d5b80000,0x00000000d5bf0000,0x00000000d5c00000)
  to   space 1024K, 0% used [0x00000000d5a00000,0x00000000d5a00000,0x00000000d5b00000)
 ParOldGen       total 1304576K, used 1304333K [0x0000000080000000, 0x00000000cfa00000, 0x00000000d5580000)
  object space 1304576K, 99% used [0x0000000080000000,0x00000000cf9c3428,0x00000000cfa00000)
 Metaspace       used 85545K, committed 87360K, reserved 1179648K
  class space    used 8537K, committed 9344K, reserved 1048576K
}
Event: 2672.474 GC heap after
{Heap after GC invocations=4130 (full 5):
 PSYoungGen      total 5632K, used 512K [0x00000000d5580000, 0x00000000d5c00000, 0x0000000100000000)
  eden space 4608K, 0% used [0x00000000d5580000,0x00000000d5580000,0x00000000d5a00000)
  from space 1024K, 50% used [0x00000000d5a00000,0x00000000d5a80000,0x00000000d5b00000)
  to   space 1024K, 0% used [0x00000000d5b00000,0x00000000d5b00000,0x00000000d5c00000)
 ParOldGen       total 1304576K, used 1304357K [0x0000000080000000, 0x00000000cfa00000, 0x00000000d5580000)
  object space 1304576K, 99% used [0x0000000080000000,0x00000000cf9c9590,0x00000000cfa00000)
 Metaspace       used 85545K, committed 87360K, reserved 1179648K
  class space    used 8537K, committed 9344K, reserved 1048576K
}

