# JRE version: OpenJDK Runtime Environment Temurin-21.0.10+7 (21.0.10+7) (build 21.0.10+7-LTS)
# Java VM: OpenJDK 64-Bit Server VM Temurin-21.0.10+7 (21.0.10+7-LTS, mixed mode, sharing, tiered, compressed oops, compressed class ptrs, parallel gc, windows-amd64)
GC Precious Log:
 CardTable entry size: 512
 CPUs: 4 total, 4 available
 Memory: 8098M
 Large Page Support: Disabled
 NUMA Support: Disabled
 Compressed Oops: Enabled (32-bit)
 Alignments: Space 512K, Generation 512K, Heap 2M
 Heap Min Capacity: 100M
 Heap Initial Capacity: 100M
 Heap Max Capacity: 2G
 Pre-touch: Disabled
 Parallel Workers: 4
Heap:
 PSYoungGen      total 10240K, used 3052K [0x00000000d5580000, 0x00000000d6100000, 0x0000000100000000)
  eden space 9216K, 23% used [0x00000000d5580000,0x00000000d57932d8,0x00000000d5e80000)
  from space 1024K, 90% used [0x00000000d5f00000,0x00000000d5fe8020,0x00000000d6000000)
  to   space 1024K, 0% used [0x00000000d6000000,0x00000000d6000000,0x00000000d6100000)
 ParOldGen       total 1230336K, used 1229902K [0x0000000080000000, 0x00000000cb180000, 0x00000000d5580000)
  object space 1230336K, 99% used [0x0000000080000000,0x00000000cb113988,0x00000000cb180000)
 Metaspace       used 88591K, committed 90432K, reserved 1179648K
  class space    used 8867K, committed 9664K, reserved 1048576K
GC Heap History (20 events):
Event: 1315.980 GC heap before
{Heap before GC invocations=3501 (full 5):
 PSYoungGen      total 6144K, used 6016K [0x00000000d5580000, 0x00000000d5c80000, 0x0000000100000000)
  eden space 5632K, 100% used [0x00000000d5580000,0x00000000d5b00000,0x00000000d5b00000)
  from space 512K, 75% used [0x00000000d5b00000,0x00000000d5b60000,0x00000000d5b80000)
  to   space 512K, 0% used [0x00000000d5c00000,0x00000000d5c00000,0x00000000d5c80000)
 ParOldGen       total 1225216K, used 1225121K [0x0000000080000000, 0x00000000cac80000, 0x00000000d5580000)
  object space 1225216K, 99% used [0x0000000080000000,0x00000000cac68728,0x00000000cac80000)
 Metaspace       used 88570K, committed 90432K, reserved 1179648K
  class space    used 8867K, committed 9664K, reserved 1048576K
}
Event: 1315.982 GC heap after
{Heap after GC invocations=3501 (full 5):
 PSYoungGen      total 6144K, used 446K [0x00000000d5580000, 0x00000000d5c80000, 0x0000000100000000)
  eden space 5632K, 0% used [0x00000000d5580000,0x00000000d5580000,0x00000000d5b00000)
  from space 512K, 87% used [0x00000000d5c00000,0x00000000d5c6fbc0,0x00000000d5c80000)
  to   space 512K, 0% used [0x00000000d5b00000,0x00000000d5b00000,0x00000000d5b80000)
 ParOldGen       total 1225216K, used 1225131K [0x0000000080000000, 0x00000000cac80000, 0x00000000d5580000)
  object space 1225216K, 99% used [0x0000000080000000,0x00000000cac6af78,0x00000000cac80000)
 Metaspace       used 88570K, committed 90432K, reserved 1179648K
  class space    used 8867K, committed 9664K, reserved 1048576K
}
Event: 1315.989 GC heap before
{Heap before GC invocations=3502 (full 5):
 PSYoungGen      total 6144K, used 4639K [0x00000000d5580000, 0x00000000d5c80000, 0x0000000100000000)
  eden space 5632K, 74% used [0x00000000d5580000,0x00000000d5998340,0x00000000d5b00000)
  from space 512K, 87% used [0x00000000d5c00000,0x00000000d5c6fbc0,0x00000000d5c80000)
  to   space 512K, 0% used [0x00000000d5b00000,0x00000000d5b00000,0x00000000d5b80000)
 ParOldGen       total 1225216K, used 1225131K [0x0000000080000000, 0x00000000cac80000, 0x00000000d5580000)
  object space 1225216K, 99% used [0x0000000080000000,0x00000000cac6af78,0x00000000cac80000)
 Metaspace       used 88570K, committed 90432K, reserved 1179648K
  class space    used 8867K, committed 9664K, reserved 1048576K
}
Event: 1315.994 GC heap after
{Heap after GC invocations=3502 (full 5):
 PSYoungGen      total 6144K, used 288K [0x00000000d5580000, 0x00000000d5d80000, 0x0000000100000000)
  eden space 5632K, 0% used [0x00000000d5580000,0x00000000d5580000,0x00000000d5b00000)
  from space 512K, 56% used [0x00000000d5b00000,0x00000000d5b48000,0x00000000d5b80000)
  to   space 512K, 0% used [0x00000000d5d00000,0x00000000d5d00000,0x00000000d5d80000)
 ParOldGen       total 1225728K, used 1225528K [0x0000000080000000, 0x00000000cad00000, 0x00000000d5580000)
  object space 1225728K, 99% used [0x0000000080000000,0x00000000cacce1e0,0x00000000cad00000)
 Metaspace       used 88570K, committed 90432K, reserved 1179648K
  class space    used 8867K, committed 9664K, reserved 1048576K
}
Event: 1316.014 GC heap before
{Heap before GC invocations=3503 (full 5):
 PSYoungGen      total 6144K, used 5920K [0x00000000d5580000, 0x00000000d5d80000, 0x0000000100000000)
  eden space 5632K, 100% used [0x00000000d5580000,0x00000000d5b00000,0x00000000d5b00000)
  from space 512K, 56% used [0x00000000d5b00000,0x00000000d5b48000,0x00000000d5b80000)
  to   space 512K, 0% used [0x00000000d5d00000,0x00000000d5d00000,0x00000000d5d80000)
 ParOldGen       total 1225728K, used 1225528K [0x0000000080000000, 0x00000000cad00000, 0x00000000d5580000)
  object space 1225728K, 99% used [0x0000000080000000,0x00000000cacce1e0,0x00000000cad00000)
 Metaspace       used 88575K, committed 90432K, reserved 1179648K
  class space    used 8867K, committed 9664K, reserved 1048576K
}
Event: 1316.019 GC heap after
{Heap after GC invocations=3503 (full 5):
 PSYoungGen      total 6144K, used 502K [0x00000000d5580000, 0x00000000d5f00000, 0x0000000100000000)
  eden space 5632K, 0% used [0x00000000d5580000,0x00000000d5580000,0x00000000d5b00000)
  from space 512K, 98% used [0x00000000d5d00000,0x00000000d5d7d900,0x00000000d5d80000)
  to   space 2048K, 0% used [0x00000000d5b00000,0x00000000d5b00000,0x00000000d5d00000)
 ParOldGen       total 1227264K, used 1226787K [0x0000000080000000, 0x00000000cae80000, 0x00000000d5580000)
  object space 1227264K, 99% used [0x0000000080000000,0x00000000cae08d48,0x00000000cae80000)
 Metaspace       used 88575K, committed 90432K, reserved 1179648K
  class space    used 8867K, committed 9664K, reserved 1048576K
}
Event: 1316.027 GC heap before
{Heap before GC invocations=3504 (full 5):
 PSYoungGen      total 6144K, used 6046K [0x00000000d5580000, 0x00000000d5f00000, 0x0000000100000000)
  eden space 5632K, 98% used [0x00000000d5580000,0x00000000d5aea2c0,0x00000000d5b00000)
  from space 512K, 98% used [0x00000000d5d00000,0x00000000d5d7d900,0x00000000d5d80000)
  to   space 2048K, 0% used [0x00000000d5b00000,0x00000000d5b00000,0x00000000d5d00000)
 ParOldGen       total 1227264K, used 1226787K [0x0000000080000000, 0x00000000cae80000, 0x00000000d5580000)
  object space 1227264K, 99% used [0x0000000080000000,0x00000000cae08d48,0x00000000cae80000)
 Metaspace       used 88583K, committed 90432K, reserved 1179648K
  class space    used 8867K, committed 9664K, reserved 1048576K
}
Event: 1316.031 GC heap after
{Heap after GC invocations=3504 (full 5):
 PSYoungGen      total 7680K, used 1969K [0x00000000d5580000, 0x00000000d6180000, 0x0000000100000000)
  eden space 5632K, 0% used [0x00000000d5580000,0x00000000d5580000,0x00000000d5b00000)
  from space 2048K, 96% used [0x00000000d5b00000,0x00000000d5cec510,0x00000000d5d00000)
  to   space 2560K, 0% used [0x00000000d5f00000,0x00000000d5f00000,0x00000000d6180000)
 ParOldGen       total 1229312K, used 1228754K [0x0000000080000000, 0x00000000cb080000, 0x00000000d5580000)
  object space 1229312K, 99% used [0x0000000080000000,0x00000000caff4b48,0x00000000cb080000)
 Metaspace       used 88583K, committed 90432K, reserved 1179648K
  class space    used 8867K, committed 9664K, reserved 1048576K
}
Event: 1316.041 GC heap before
{Heap before GC invocations=3505 (full 5):
 PSYoungGen      total 7680K, used 7579K [0x00000000d5580000, 0x00000000d6180000, 0x0000000100000000)
  eden space 5632K, 99% used [0x00000000d5580000,0x00000000d5afa728,0x00000000d5b00000)
  from space 2048K, 96% used [0x00000000d5b00000,0x00000000d5cec510,0x00000000d5d00000)
  to   space 2560K, 0% used [0x00000000d5f00000,0x00000000d5f00000,0x00000000d6180000)
 ParOldGen       total 1229312K, used 1228754K [0x0000000080000000, 0x00000000cb080000, 0x00000000d5580000)
  object space 1229312K, 99% used [0x0000000080000000,0x00000000caff4b48,0x00000000cb080000)
 Metaspace       used 88583K, committed 90432K, reserved 1179648K
  class space    used 8867K, committed 9664K, reserved 1048576K
}
Event: 1316.045 GC heap after
{Heap after GC invocations=3505 (full 5):
 PSYoungGen      total 9728K, used 2022K [0x00000000d5580000, 0x00000000d6180000, 0x0000000100000000)
  eden space 7168K, 0% used [0x00000000d5580000,0x00000000d5580000,0x00000000d5c80000)
  from space 2560K, 79% used [0x00000000d5f00000,0x00000000d60f9bf0,0x00000000d6180000)
  to   space 2560K, 0% used [0x00000000d5c80000,0x00000000d5c80000,0x00000000d5f00000)
 ParOldGen       total 1229312K, used 1229106K [0x0000000080000000, 0x00000000cb080000, 0x00000000d5580000)
  object space 1229312K, 99% used [0x0000000080000000,0x00000000cb04cb58,0x00000000cb080000)
 Metaspace       used 88583K, committed 90432K, reserved 1179648K
  class space    used 8867K, committed 9664K, reserved 1048576K
}
Event: 1316.056 GC heap before
{Heap before GC invocations=3506 (full 5):
 PSYoungGen      total 9728K, used 9190K [0x00000000d5580000, 0x00000000d6180000, 0x0000000100000000)
  eden space 7168K, 100% used [0x00000000d5580000,0x00000000d5c80000,0x00000000d5c80000)
  from space 2560K, 79% used [0x00000000d5f00000,0x00000000d60f9bf0,0x00000000d6180000)
  to   space 2560K, 0% used [0x00000000d5c80000,0x00000000d5c80000,0x00000000d5f00000)
 ParOldGen       total 1229312K, used 1229106K [0x0000000080000000, 0x00000000cb080000, 0x00000000d5580000)
  object space 1229312K, 99% used [0x0000000080000000,0x00000000cb04cb58,0x00000000cb080000)
 Metaspace       used 88583K, committed 90432K, reserved 1179648K
  class space    used 8867K, committed 9664K, reserved 1048576K
}
Event: 1316.058 GC heap after
{Heap after GC invocations=3506 (full 5):
 PSYoungGen      total 9728K, used 1910K [0x00000000d5580000, 0x00000000d6200000, 0x0000000100000000)
  eden space 7168K, 0% used [0x00000000d5580000,0x00000000d5580000,0x00000000d5c80000)
  from space 2560K, 74% used [0x00000000d5c80000,0x00000000d5e5dbb8,0x00000000d5f00000)
  to   space 2048K, 0% used [0x00000000d6000000,0x00000000d6000000,0x00000000d6200000)
 ParOldGen       total 1229312K, used 1229145K [0x0000000080000000, 0x00000000cb080000, 0x00000000d5580000)
  object space 1229312K, 99% used [0x0000000080000000,0x00000000cb056698,0x00000000cb080000)
 Metaspace       used 88583K, committed 90432K, reserved 1179648K
  class space    used 8867K, committed 9664K, reserved 1048576K
}
Event: 1316.071 GC heap before
{Heap before GC invocations=3507 (full 5):
 PSYoungGen      total 9728K, used 9078K [0x00000000d5580000, 0x00000000d6200000, 0x0000000100000000)
  eden space 7168K, 100% used [0x00000000d5580000,0x00000000d5c80000,0x00000000d5c80000)
  from space 2560K, 74% used [0x00000000d5c80000,0x00000000d5e5dbb8,0x00000000d5f00000)
  to   space 2048K, 0% used [0x00000000d6000000,0x00000000d6000000,0x00000000d6200000)
 ParOldGen       total 1229312K, used 1229145K [0x0000000080000000, 0x00000000cb080000, 0x00000000d5580000)
  object space 1229312K, 99% used [0x0000000080000000,0x00000000cb056698,0x00000000cb080000)
 Metaspace       used 88586K, committed 90432K, reserved 1179648K
  class space    used 8867K, committed 9664K, reserved 1048576K
}
Event: 1316.074 GC heap after
{Heap after GC invocations=3507 (full 5):
 PSYoungGen      total 9216K, used 322K [0x00000000d5580000, 0x00000000d6080000, 0x0000000100000000)
  eden space 8704K, 0% used [0x00000000d5580000,0x00000000d5580000,0x00000000d5e00000)
  from space 512K, 62% used [0x00000000d6000000,0x00000000d6050920,0x00000000d6080000)
  to   space 1024K, 0% used [0x00000000d5e80000,0x00000000d5e80000,0x00000000d5f80000)
 ParOldGen       total 1229312K, used 1229163K [0x0000000080000000, 0x00000000cb080000, 0x00000000d5580000)
  object space 1229312K, 99% used [0x0000000080000000,0x00000000cb05aea8,0x00000000cb080000)
 Metaspace       used 88586K, committed 90432K, reserved 1179648K
  class space    used 8867K, committed 9664K, reserved 1048576K
}
Event: 1316.085 GC heap before
{Heap before GC invocations=3508 (full 5):
 PSYoungGen      total 9216K, used 7712K [0x00000000d5580000, 0x00000000d6080000, 0x0000000100000000)
  eden space 8704K, 84% used [0x00000000d5580000,0x00000000d5cb7ad8,0x00000000d5e00000)
  from space 512K, 62% used [0x00000000d6000000,0x00000000d6050920,0x00000000d6080000)
  to   space 1024K, 0% used [0x00000000d5e80000,0x00000000d5e80000,0x00000000d5f80000)
 ParOldGen       total 1229312K, used 1229163K [0x0000000080000000, 0x00000000cb080000, 0x00000000d5580000)
  object space 1229312K, 99% used [0x0000000080000000,0x00000000cb05aea8,0x00000000cb080000)
 Metaspace       used 88587K, committed 90432K, reserved 1179648K
  class space    used 8867K, committed 9664K, reserved 1048576K
}
Event: 1316.088 GC heap after
{Heap after GC invocations=3508 (full 5):
 PSYoungGen      total 10240K, used 96K [0x00000000d5580000, 0x00000000d6100000, 0x0000000100000000)
  eden space 9216K, 0% used [0x00000000d5580000,0x00000000d5580000,0x00000000d5e80000)
  from space 1024K, 9% used [0x00000000d5e80000,0x00000000d5e98000,0x00000000d5f80000)
  to   space 512K, 0% used [0x00000000d6080000,0x00000000d6080000,0x00000000d6100000)
 ParOldGen       total 1229824K, used 1229316K [0x0000000080000000, 0x00000000cb100000, 0x00000000d5580000)
  object space 1229824K, 99% used [0x0000000080000000,0x00000000cb081338,0x00000000cb100000)
 Metaspace       used 88587K, committed 90432K, reserved 1179648K
  class space    used 8867K, committed 9664K, reserved 1048576K
}
Event: 1316.468 GC heap before
{Heap before GC invocations=3509 (full 5):
 PSYoungGen      total 10240K, used 9312K [0x00000000d5580000, 0x00000000d6100000, 0x0000000100000000)
  eden space 9216K, 100% used [0x00000000d5580000,0x00000000d5e80000,0x00000000d5e80000)
  from space 1024K, 9% used [0x00000000d5e80000,0x00000000d5e98000,0x00000000d5f80000)
  to   space 512K, 0% used [0x00000000d6080000,0x00000000d6080000,0x00000000d6100000)
 ParOldGen       total 1229824K, used 1229316K [0x0000000080000000, 0x00000000cb100000, 0x00000000d5580000)
  object space 1229824K, 99% used [0x0000000080000000,0x00000000cb081338,0x00000000cb100000)
 Metaspace       used 88591K, committed 90432K, reserved 1179648K
  class space    used 8867K, committed 9664K, reserved 1048576K
}
Event: 1316.471 GC heap after
{Heap after GC invocations=3509 (full 5):
 PSYoungGen      total 9728K, used 508K [0x00000000d5580000, 0x00000000d6100000, 0x0000000100000000)
  eden space 9216K, 0% used [0x00000000d5580000,0x00000000d5580000,0x00000000d5e80000)
  from space 512K, 99% used [0x00000000d6080000,0x00000000d60ff098,0x00000000d6100000)
  to   space 1024K, 0% used [0x00000000d5f00000,0x00000000d5f00000,0x00000000d6000000)
 ParOldGen       total 1229824K, used 1229435K [0x0000000080000000, 0x00000000cb100000, 0x00000000d5580000)
  object space 1229824K, 99% used [0x0000000080000000,0x00000000cb09eeb0,0x00000000cb100000)
 Metaspace       used 88591K, committed 90432K, reserved 1179648K
  class space    used 8867K, committed 9664K, reserved 1048576K
}
Event: 1316.997 GC heap before
{Heap before GC invocations=3510 (full 5):
 PSYoungGen      total 9728K, used 9724K [0x00000000d5580000, 0x00000000d6100000, 0x0000000100000000)
  eden space 9216K, 100% used [0x00000000d5580000,0x00000000d5e80000,0x00000000d5e80000)
  from space 512K, 99% used [0x00000000d6080000,0x00000000d60ff098,0x00000000d6100000)
  to   space 1024K, 0% used [0x00000000d5f00000,0x00000000d5f00000,0x00000000d6000000)
 ParOldGen       total 1229824K, used 1229435K [0x0000000080000000, 0x00000000cb100000, 0x00000000d5580000)
  object space 1229824K, 99% used [0x0000000080000000,0x00000000cb09eeb0,0x00000000cb100000)
 Metaspace       used 88591K, committed 90432K, reserved 1179648K
  class space    used 8867K, committed 9664K, reserved 1048576K
}
Event: 1317.000 GC heap after
{Heap after GC invocations=3510 (full 5):
 PSYoungGen      total 10240K, used 928K [0x00000000d5580000, 0x00000000d6100000, 0x0000000100000000)
  eden space 9216K, 0% used [0x00000000d5580000,0x00000000d5580000,0x00000000d5e80000)
  from space 1024K, 90% used [0x00000000d5f00000,0x00000000d5fe8020,0x00000000d6000000)
  to   space 1024K, 0% used [0x00000000d6000000,0x00000000d6000000,0x00000000d6100000)
 ParOldGen       total 1230336K, used 1229902K [0x0000000080000000, 0x00000000cb180000, 0x00000000d5580000)
  object space 1230336K, 99% used [0x0000000080000000,0x00000000cb113988,0x00000000cb180000)
 Metaspace       used 88591K, committed 90432K, reserved 1179648K
  class space    used 8867K, committed 9664K, reserved 1048576K
}

